<?xml version="1.0" encoding="UTF-8"?>
<coverage generated="1775770656999" clover="3.2.0">
  <project timestamp="1775770656999" name="All files">
    <metrics statements="25" coveredstatements="8" conditionals="0" coveredconditionals="0" methods="6" coveredmethods="0" elements="31" coveredelements="8" complexity="0" loc="25" ncloc="25" packages="5" files="10" classes="10"/>
    <package name="frenzydle">
      <metrics statements="2" coveredstatements="0" conditionals="0" coveredconditionals="0" methods="0" coveredmethods="0"/>
      <file name="jest.config.ts" path="C:\Users\Indji\WebstormProjects\FE_new_frenzydle\apps\frenzydle\jest.config.ts">
        <metrics statements="2" coveredstatements="0" conditionals="0" coveredconditionals="0" methods="0" coveredmethods="0"/>
        <line num="3" count="0" type="stmt"/>
        <line num="35" count="0" type="stmt"/>
      </file>
    </package>
    <package name="frenzydle.src.app">
      <metrics statements="13" coveredstatements="4" conditionals="0" coveredconditionals="0" methods="6" coveredmethods="0"/>
      <file name="app.config.ts" path="C:\Users\Indji\WebstormProjects\FE_new_frenzydle\apps\frenzydle\src\app\app.config.ts">
        <metrics statements="6" coveredstatements="0" conditionals="0" coveredconditionals="0" methods="0" coveredmethods="0"/>
        <line num="1" count="0" type="stmt"/>
        <line num="5" count="0" type="stmt"/>
        <line num="6" count="0" type="stmt"/>
        <line num="7" count="0" type="stmt"/>
        <line num="8" count="0" type="stmt"/>
        <line num="10" count="0" type="stmt"/>
      </file>
      <file name="app.routes.ts" path="C:\Users\Indji\WebstormProjects\FE_new_frenzydle\apps\frenzydle\src\app\app.routes.ts">
        <metrics statements="3" coveredstatements="0" conditionals="0" coveredconditionals="0" methods="6" coveredmethods="0"/>
        <line num="3" count="0" type="stmt"/>
        <line num="6" count="0" type="stmt"/>
        <line num="10" count="0" type="stmt"/>
      </file>
      <file name="app.ts" path="C:\Users\Indji\WebstormProjects\FE_new_frenzydle\apps\frenzydle\src\app\app.ts">
        <metrics statements="4" coveredstatements="4" conditionals="0" coveredconditionals="0" methods="0" coveredmethods="0"/>
        <line num="1" count="1" type="stmt"/>
        <line num="2" count="1" type="stmt"/>
        <line num="10" count="1" type="stmt"/>
        <line num="11" count="2" type="stmt"/>
      </file>
    </package>
    <package name="frenzydle.src.app.pages.home">
      <metrics statements="4" coveredstatements="2" conditionals="0" coveredconditionals="0" methods="0" coveredmethods="0"/>
      <file name="home.component.ts" path="C:\Users\Indji\WebstormProjects\FE_new_frenzydle\apps\frenzydle\src\app\pages\home\home.component.ts">
        <metrics statements="2" coveredstatements="2" conditionals="0" coveredconditionals="0" methods="0" coveredmethods="0"/>
        <line num="1" count="1" type="stmt"/>
        <line num="23" count="1" type="stmt"/>
      </file>
      <file name="index.ts" path="C:\Users\Indji\WebstormProjects\FE_new_frenzydle\apps\frenzydle\src\app\pages\home\index.ts">
        <metrics statements="2" coveredstatements="0" conditionals="0" coveredconditionals="0" methods="0" coveredmethods="0"/>
        <line num="1" count="0" type="stmt"/>
        <line num="3" count="0" type="stmt"/>
      </file>
    </package>
    <package name="frenzydle.src.app.pages.user">
      <metrics statements="4" coveredstatements="2" conditionals="0" coveredconditionals="0" methods="0" coveredmethods="0"/>
      <file name="index.ts" path="C:\Users\Indji\WebstormProjects\FE_new_frenzydle\apps\frenzydle\src\app\pages\user\index.ts">
        <metrics statements="2" coveredstatements="0" conditionals="0" coveredconditionals="0" methods="0" coveredmethods="0"/>
        <line num="1" count="0" type="stmt"/>
        <line num="3" count="0" type="stmt"/>
      </file>
      <file name="user.component.ts" path="C:\Users\Indji\WebstormProjects\FE_new_frenzydle\apps\frenzydle\src\app\pages\user\user.component.ts">
        <metrics statements="2" coveredstatements="2" conditionals="0" coveredconditionals="0" methods="0" coveredmethods="0"/>
        <line num="1" count="1" type="stmt"/>
        <line num="23" count="1" type="stmt"/>
      </file>
    </package>
    <package name="frenzydle.src.environments">
      <metrics statements="2" coveredstatements="0" conditionals="0" coveredconditionals="0" methods="0" coveredmethods="0"/>
      <file name="environment.prod.ts" path="C:\Users\Indji\WebstormProjects\FE_new_frenzydle\apps\frenzydle\src\environments\environment.prod.ts">
        <metrics statements="1" coveredstatements="0" conditionals="0" coveredconditionals="0" methods="0" coveredmethods="0"/>
        <line num="1" count="0" type="stmt"/>
      </file>
      <file name="environment.ts" path="C:\Users\Indji\WebstormProjects\FE_new_frenzydle\apps\frenzydle\src\environments\environment.ts">
        <metrics statements="1" coveredstatements="0" conditionals="0" coveredconditionals="0" methods="0" coveredmethods="0"/>
        <line num="1" count="0" type="stmt"/>
      </file>
    </package>
  </project>
</coverage>
