{"C:\\Users\\Indji\\WebstormProjects\\FE_new_frenzydle\\apps\\frenzydle\\jest.config.ts": {"path":"C:\\Users\\Indji\\WebstormProjects\\FE_new_frenzydle\\apps\\frenzydle\\jest.config.ts","statementMap":{"0":{"start":{"line":3,"column":23},"end":{"line":33,"column":2}},"1":{"start":{"line":35,"column":0},"end":{"line":35,"column":22}}},"fnMap":{},"branchMap":{},"s":{"0":0,"1":0},"f":{},"b":{}}
,"C:\\Users\\Indji\\WebstormProjects\\FE_new_frenzydle\\apps\\frenzydle\\src\\app\\app.config.ts": {"path":"C:\\Users\\Indji\\WebstormProjects\\FE_new_frenzydle\\apps\\frenzydle\\src\\app\\app.config.ts","statementMap":{"0":{"start":{"line":1,"column":0},"end":{"line":1,"column":null}},"1":{"start":{"line":5,"column":0},"end":{"line":5,"column":48}},"2":{"start":{"line":6,"column":0},"end":{"line":6,"column":75}},"3":{"start":{"line":7,"column":0},"end":{"line":7,"column":41}},"4":{"start":{"line":8,"column":0},"end":{"line":8,"column":47}},"5":{"start":{"line":10,"column":13},"end":{"line":16,"column":2}}},"fnMap":{},"branchMap":{},"s":{"0":0,"1":0,"2":0,"3":0,"4":0,"5":0},"f":{},"b":{}}
,"C:\\Users\\Indji\\WebstormProjects\\FE_new_frenzydle\\apps\\frenzydle\\src\\app\\app.routes.ts": {"path":"C:\\Users\\Indji\\WebstormProjects\\FE_new_frenzydle\\apps\\frenzydle\\src\\app\\app.routes.ts","statementMap":{"0":{"start":{"line":3,"column":13},"end":{"line":16,"column":2}},"1":{"start":{"line":6,"column":25},"end":{"line":6,"column":89}},"2":{"start":{"line":6,"column":25},"end":{"line":6,"column":63}},"3":{"start":{"line":6,"column":73},"end":{"line":6,"column":88}},"4":{"start":{"line":10,"column":25},"end":{"line":10,"column":89}},"5":{"start":{"line":10,"column":25},"end":{"line":10,"column":63}},"6":{"start":{"line":10,"column":73},"end":{"line":10,"column":88}}},"fnMap":{"0":{"name":"(anonymous_0)","decl":{"start":{"line":6,"column":19},"end":{"line":6,"column":22}},"loc":{"start":{"line":6,"column":25},"end":{"line":6,"column":89}}},"1":{"name":"(anonymous_1)","decl":{"start":{"line":6,"column":25},"end":{"line":6,"column":32}},"loc":{"start":{"line":6,"column":25},"end":{"line":6,"column":63}}},"2":{"name":"(anonymous_2)","decl":{"start":{"line":6,"column":68},"end":{"line":6,"column":69}},"loc":{"start":{"line":6,"column":73},"end":{"line":6,"column":88}}},"3":{"name":"(anonymous_3)","decl":{"start":{"line":10,"column":19},"end":{"line":10,"column":22}},"loc":{"start":{"line":10,"column":25},"end":{"line":10,"column":89}}},"4":{"name":"(anonymous_4)","decl":{"start":{"line":10,"column":25},"end":{"line":10,"column":32}},"loc":{"start":{"line":10,"column":25},"end":{"line":10,"column":63}}},"5":{"name":"(anonymous_5)","decl":{"start":{"line":10,"column":68},"end":{"line":10,"column":69}},"loc":{"start":{"line":10,"column":73},"end":{"line":10,"column":88}}}},"branchMap":{},"s":{"0":0,"1":0,"2":0,"3":0,"4":0,"5":0,"6":0},"f":{"0":0,"1":0,"2":0,"3":0,"4":0,"5":0},"b":{}}
,"C:\\Users\\Indji\\WebstormProjects\\FE_new_frenzydle\\apps\\frenzydle\\src\\app\\app.ts": {"path":"C:\\Users\\Indji\\WebstormProjects\\FE_new_frenzydle\\apps\\frenzydle\\src\\app\\app.ts","statementMap":{"0":{"start":{"line":1,"column":0},"end":{"line":1,"column":42}},"1":{"start":{"line":2,"column":0},"end":{"line":2,"column":47}},"2":{"start":{"line":10,"column":7},"end":{"line":12,"column":null}},"3":{"start":{"line":11,"column":20},"end":{"line":11,"column":31}},"4":{"start":{"line":10,"column":13},"end":{"line":10,"column":16}},"5":{"start":{"line":10,"column":13},"end":{"line":12,"column":null}}},"fnMap":{},"branchMap":{},"s":{"0":1,"1":1,"2":1,"3":2,"4":1,"5":1},"f":{},"b":{}}
,"C:\\Users\\Indji\\WebstormProjects\\FE_new_frenzydle\\apps\\frenzydle\\src\\app\\pages\\home\\home.component.ts": {"path":"C:\\Users\\Indji\\WebstormProjects\\FE_new_frenzydle\\apps\\frenzydle\\src\\app\\pages\\home\\home.component.ts","statementMap":{"0":{"start":{"line":1,"column":0},"end":{"line":1,"column":42}},"1":{"start":{"line":23,"column":7},"end":{"line":23,"column":null}},"2":{"start":{"line":23,"column":13},"end":{"line":23,"column":26}},"3":{"start":{"line":23,"column":13},"end":{"line":23,"column":null}}},"fnMap":{},"branchMap":{},"s":{"0":1,"1":1,"2":1,"3":1},"f":{},"b":{}}
,"C:\\Users\\Indji\\WebstormProjects\\FE_new_frenzydle\\apps\\frenzydle\\src\\app\\pages\\home\\index.ts": {"path":"C:\\Users\\Indji\\WebstormProjects\\FE_new_frenzydle\\apps\\frenzydle\\src\\app\\pages\\home\\index.ts","statementMap":{"0":{"start":{"line":1,"column":0},"end":{"line":1,"column":49}},"1":{"start":{"line":3,"column":0},"end":{"line":3,"column":29}}},"fnMap":{},"branchMap":{},"s":{"0":0,"1":0},"f":{},"b":{}}
,"C:\\Users\\Indji\\WebstormProjects\\FE_new_frenzydle\\apps\\frenzydle\\src\\app\\pages\\user\\index.ts": {"path":"C:\\Users\\Indji\\WebstormProjects\\FE_new_frenzydle\\apps\\frenzydle\\src\\app\\pages\\user\\index.ts","statementMap":{"0":{"start":{"line":1,"column":0},"end":{"line":1,"column":49}},"1":{"start":{"line":3,"column":0},"end":{"line":3,"column":29}}},"fnMap":{},"branchMap":{},"s":{"0":0,"1":0},"f":{},"b":{}}
,"C:\\Users\\Indji\\WebstormProjects\\FE_new_frenzydle\\apps\\frenzydle\\src\\app\\pages\\user\\user.component.ts": {"path":"C:\\Users\\Indji\\WebstormProjects\\FE_new_frenzydle\\apps\\frenzydle\\src\\app\\pages\\user\\user.component.ts","statementMap":{"0":{"start":{"line":1,"column":0},"end":{"line":1,"column":42}},"1":{"start":{"line":23,"column":7},"end":{"line":23,"column":null}},"2":{"start":{"line":23,"column":13},"end":{"line":23,"column":26}},"3":{"start":{"line":23,"column":13},"end":{"line":23,"column":null}}},"fnMap":{},"branchMap":{},"s":{"0":1,"1":1,"2":1,"3":1},"f":{},"b":{}}
,"C:\\Users\\Indji\\WebstormProjects\\FE_new_frenzydle\\apps\\frenzydle\\src\\environments\\environment.prod.ts": {"path":"C:\\Users\\Indji\\WebstormProjects\\FE_new_frenzydle\\apps\\frenzydle\\src\\environments\\environment.prod.ts","statementMap":{"0":{"start":{"line":1,"column":13},"end":{"line":5,"column":2}}},"fnMap":{},"branchMap":{},"s":{"0":0},"f":{},"b":{}}
,"C:\\Users\\Indji\\WebstormProjects\\FE_new_frenzydle\\apps\\frenzydle\\src\\environments\\environment.ts": {"path":"C:\\Users\\Indji\\WebstormProjects\\FE_new_frenzydle\\apps\\frenzydle\\src\\environments\\environment.ts","statementMap":{"0":{"start":{"line":1,"column":13},"end":{"line":5,"column":2}}},"fnMap":{},"branchMap":{},"s":{"0":0},"f":{},"b":{}}
}
